<?xml version="1.0" encoding="UTF-8"?>
<!-- Generated by org.testng.reporters.JUnitReportReporter -->
<testsuite hostname="DESKTOP-1U5F6VU" failures="0" tests="1" name="org.Anusuya.TestngPractice" time="48.868" errors="0" timestamp="12 Jun 2022 18:12:07 GMT" skipped="0">
  <testcase classname="org.Anusuya.TestngPractice" name="sampleTest" time="48.868"/>
</testsuite> <!-- org.Anusuya.TestngPractice -->
