<?xml version="1.0" encoding="UTF-8"?>
<!-- Generated by org.testng.reporters.JUnitReportReporter -->
<testsuite hostname="DESKTOP-1U5F6VU" failures="0" tests="4" name="org.Anusuya.GroupingConcept" time="0.036" errors="0" timestamp="13 Jun 2022 01:52:23 GMT" skipped="0">
  <testcase classname="org.Anusuya.GroupingConcept" name="moto1" time="0.026"/>
  <testcase classname="org.Anusuya.GroupingConcept" name="vivo2" time="0.001"/>
  <testcase classname="org.Anusuya.GroupingConcept" name="moto2" time="0.001"/>
  <testcase classname="org.Anusuya.GroupingConcept" name="vivo1" time="0.008"/>
</testsuite> <!-- org.Anusuya.GroupingConcept -->
