<?xml version="1.0" encoding="UTF-8"?>
<!-- Generated by org.testng.reporters.JUnitReportReporter -->
<testsuite hostname="DESKTOP-1U5F6VU" failures="0" tests="3" name="org.Anusuya.SuiteExamble" time="12.052" errors="0" timestamp="12 Jun 2022 18:12:07 GMT" skipped="0">
  <testcase classname="org.Anusuya.SuiteExamble" name="openBing" time="4.196"/>
  <testcase classname="org.Anusuya.SuiteExamble" name="openGoogle" time="5.163"/>
  <testcase classname="org.Anusuya.SuiteExamble" name="openYahoo" time="2.693"/>
</testsuite> <!-- org.Anusuya.SuiteExamble -->
